2024-12-31 21:47:52,897 - INFO - Logging to finetune_graphcl_GIN_redditbianary_renorm.log
2024-12-31 21:47:56,404 - INFO - Load Data: redditbinary , input_dim=512 , num_classes=2
2024-12-31 21:47:57,439 - INFO - Success load pre-trained model : ./contrastive_models/GIN/redditbinary_renormalization/epoch_199.pkl
2024-12-31 21:47:57,659 - INFO - =============== Train Argument ===============
2024-12-31 21:47:57,660 - INFO - Learnig Rate: 0.0005
2024-12-31 21:47:57,660 - INFO - Weight Decay: 1e-06
2024-12-31 21:47:57,660 - INFO - Epochs: 120
2024-12-31 21:47:57,660 - INFO - =============== Start Training ===============
2024-12-31 21:48:00,954 - INFO - # Epoch: 0001 | Train_Loss: 97.8714 | Val_Loss: 66.8104 , Val_Acc: 0.1700
2024-12-31 21:48:02,101 - INFO - # Epoch: 0002 | Train_Loss: 18.4801 | Val_Loss: 10.3800 , Val_Acc: 0.5100
2024-12-31 21:48:02,654 - INFO - # Epoch: 0003 | Train_Loss: 8.1849 | Val_Loss: 6.0933 , Val_Acc: 0.5600
2024-12-31 21:48:03,208 - INFO - # Epoch: 0004 | Train_Loss: 4.7684 | Val_Loss: 4.2869 , Val_Acc: 0.5950
2024-12-31 21:48:04,408 - INFO - # Epoch: 0005 | Train_Loss: 4.0807 | Val_Loss: 3.3618 , Val_Acc: 0.7000
2024-12-31 21:48:05,294 - INFO - # Epoch: 0006 | Train_Loss: 3.2178 | Val_Loss: 2.9742 , Val_Acc: 0.7150
2024-12-31 21:48:05,974 - INFO - # Epoch: 0007 | Train_Loss: 2.3416 | Val_Loss: 2.7953 , Val_Acc: 0.6750
2024-12-31 21:48:06,433 - INFO - # Epoch: 0008 | Train_Loss: 1.7040 | Val_Loss: 2.3661 , Val_Acc: 0.7250
2024-12-31 21:48:08,102 - INFO - # Epoch: 0009 | Train_Loss: 1.4189 | Val_Loss: 2.1312 , Val_Acc: 0.7500
2024-12-31 21:48:08,690 - INFO - # Epoch: 0010 | Train_Loss: 1.0190 | Val_Loss: 2.0081 , Val_Acc: 0.7750
2024-12-31 21:48:09,180 - INFO - # Epoch: 0011 | Train_Loss: 0.8144 | Val_Loss: 1.8295 , Val_Acc: 0.7950
2024-12-31 21:48:09,548 - INFO - # Epoch: 0012 | Train_Loss: 0.6906 | Val_Loss: 1.7355 , Val_Acc: 0.8050
2024-12-31 21:48:09,954 - INFO - # Epoch: 0013 | Train_Loss: 0.6167 | Val_Loss: 1.6987 , Val_Acc: 0.8050
2024-12-31 21:48:10,392 - INFO - # Epoch: 0014 | Train_Loss: 0.5125 | Val_Loss: 1.6809 , Val_Acc: 0.7850
2024-12-31 21:48:10,866 - INFO - # Epoch: 0015 | Train_Loss: 0.4693 | Val_Loss: 1.7509 , Val_Acc: 0.7900
2024-12-31 21:48:11,905 - INFO - # Epoch: 0016 | Train_Loss: 0.5150 | Val_Loss: 1.7631 , Val_Acc: 0.8050
2024-12-31 21:48:12,732 - INFO - # Epoch: 0017 | Train_Loss: 0.3861 | Val_Loss: 1.6932 , Val_Acc: 0.8000
2024-12-31 21:48:13,189 - INFO - # Epoch: 0018 | Train_Loss: 0.3573 | Val_Loss: 1.6600 , Val_Acc: 0.8000
2024-12-31 21:48:13,773 - INFO - # Epoch: 0019 | Train_Loss: 0.3923 | Val_Loss: 1.6760 , Val_Acc: 0.8150
2024-12-31 21:48:14,407 - INFO - # Epoch: 0020 | Train_Loss: 0.3501 | Val_Loss: 1.6948 , Val_Acc: 0.8050
2024-12-31 21:48:15,311 - INFO - # Epoch: 0021 | Train_Loss: 0.3272 | Val_Loss: 1.7310 , Val_Acc: 0.8100
2024-12-31 21:48:15,793 - INFO - # Epoch: 0022 | Train_Loss: 0.2856 | Val_Loss: 1.7090 , Val_Acc: 0.8000
2024-12-31 21:48:16,166 - INFO - # Epoch: 0023 | Train_Loss: 0.2818 | Val_Loss: 1.7129 , Val_Acc: 0.8000
2024-12-31 21:48:16,602 - INFO - # Epoch: 0024 | Train_Loss: 0.2692 | Val_Loss: 1.7228 , Val_Acc: 0.8100
2024-12-31 21:48:17,268 - INFO - # Epoch: 0025 | Train_Loss: 0.2714 | Val_Loss: 1.7439 , Val_Acc: 0.7950
2024-12-31 21:48:17,712 - INFO - # Epoch: 0026 | Train_Loss: 0.2794 | Val_Loss: 1.7408 , Val_Acc: 0.7850
2024-12-31 21:48:18,091 - INFO - # Epoch: 0027 | Train_Loss: 0.2690 | Val_Loss: 1.7512 , Val_Acc: 0.8100
2024-12-31 21:48:18,474 - INFO - # Epoch: 0028 | Train_Loss: 0.2703 | Val_Loss: 1.7726 , Val_Acc: 0.7900
2024-12-31 21:48:18,844 - INFO - # Epoch: 0029 | Train_Loss: 0.2447 | Val_Loss: 1.7908 , Val_Acc: 0.8000
2024-12-31 21:48:19,314 - INFO - # Epoch: 0030 | Train_Loss: 0.2627 | Val_Loss: 1.8428 , Val_Acc: 0.7900
2024-12-31 21:48:20,026 - INFO - # Epoch: 0031 | Train_Loss: 0.2873 | Val_Loss: 1.8319 , Val_Acc: 0.7950
2024-12-31 21:48:20,589 - INFO - # Epoch: 0032 | Train_Loss: 0.2804 | Val_Loss: 1.8466 , Val_Acc: 0.7850
2024-12-31 21:48:20,968 - INFO - # Epoch: 0033 | Train_Loss: 0.2791 | Val_Loss: 1.8432 , Val_Acc: 0.7850
2024-12-31 21:48:21,497 - INFO - # Epoch: 0034 | Train_Loss: 0.2607 | Val_Loss: 1.8605 , Val_Acc: 0.7750
2024-12-31 21:48:21,945 - INFO - # Epoch: 0035 | Train_Loss: 0.2484 | Val_Loss: 1.8543 , Val_Acc: 0.7950
2024-12-31 21:48:22,372 - INFO - # Epoch: 0036 | Train_Loss: 0.2589 | Val_Loss: 1.8684 , Val_Acc: 0.8050
2024-12-31 21:48:22,869 - INFO - # Epoch: 0037 | Train_Loss: 0.2188 | Val_Loss: 1.8514 , Val_Acc: 0.8050
2024-12-31 21:48:23,559 - INFO - # Epoch: 0038 | Train_Loss: 0.2637 | Val_Loss: 1.8535 , Val_Acc: 0.8050
2024-12-31 21:48:24,041 - INFO - # Epoch: 0039 | Train_Loss: 0.2168 | Val_Loss: 1.8576 , Val_Acc: 0.8000
2024-12-31 21:48:24,453 - INFO - # Epoch: 0040 | Train_Loss: 0.2480 | Val_Loss: 1.8567 , Val_Acc: 0.7850
2024-12-31 21:48:24,900 - INFO - # Epoch: 0041 | Train_Loss: 0.2891 | Val_Loss: 1.8587 , Val_Acc: 0.7850
2024-12-31 21:48:25,292 - INFO - # Epoch: 0042 | Train_Loss: 0.2667 | Val_Loss: 1.8699 , Val_Acc: 0.7900
2024-12-31 21:48:25,798 - INFO - # Epoch: 0043 | Train_Loss: 0.2465 | Val_Loss: 1.8276 , Val_Acc: 0.7900
2024-12-31 21:48:26,458 - INFO - # Epoch: 0044 | Train_Loss: 0.2650 | Val_Loss: 1.8200 , Val_Acc: 0.8000
2024-12-31 21:48:27,022 - INFO - # Epoch: 0045 | Train_Loss: 0.2279 | Val_Loss: 1.8234 , Val_Acc: 0.8100
2024-12-31 21:48:28,060 - INFO - # Epoch: 0046 | Train_Loss: 0.2252 | Val_Loss: 1.8074 , Val_Acc: 0.8150
2024-12-31 21:48:28,928 - INFO - # Epoch: 0047 | Train_Loss: 0.2461 | Val_Loss: 1.7880 , Val_Acc: 0.8150
2024-12-31 21:48:29,968 - INFO - # Epoch: 0048 | Train_Loss: 0.2444 | Val_Loss: 1.7749 , Val_Acc: 0.8100
2024-12-31 21:48:30,612 - INFO - # Epoch: 0049 | Train_Loss: 0.2709 | Val_Loss: 1.8134 , Val_Acc: 0.8000
2024-12-31 21:48:31,811 - INFO - # Epoch: 0050 | Train_Loss: 0.2507 | Val_Loss: 1.8389 , Val_Acc: 0.8050
2024-12-31 21:48:32,543 - INFO - # Epoch: 0051 | Train_Loss: 0.2289 | Val_Loss: 1.8204 , Val_Acc: 0.8100
2024-12-31 21:48:32,944 - INFO - # Epoch: 0052 | Train_Loss: 0.2230 | Val_Loss: 1.7826 , Val_Acc: 0.8100
2024-12-31 21:48:33,994 - INFO - # Epoch: 0053 | Train_Loss: 0.2691 | Val_Loss: 1.8068 , Val_Acc: 0.8050
2024-12-31 21:48:34,821 - INFO - # Epoch: 0054 | Train_Loss: 0.2369 | Val_Loss: 1.8088 , Val_Acc: 0.8000
2024-12-31 21:48:36,019 - INFO - # Epoch: 0055 | Train_Loss: 0.2241 | Val_Loss: 1.8148 , Val_Acc: 0.7950
2024-12-31 21:48:36,474 - INFO - # Epoch: 0056 | Train_Loss: 0.2552 | Val_Loss: 1.8127 , Val_Acc: 0.7950
2024-12-31 21:48:36,856 - INFO - # Epoch: 0057 | Train_Loss: 0.2391 | Val_Loss: 1.8236 , Val_Acc: 0.8050
2024-12-31 21:48:37,272 - INFO - # Epoch: 0058 | Train_Loss: 0.2107 | Val_Loss: 1.8177 , Val_Acc: 0.8050
2024-12-31 21:48:37,704 - INFO - # Epoch: 0059 | Train_Loss: 0.2267 | Val_Loss: 1.8146 , Val_Acc: 0.8000
2024-12-31 21:48:38,142 - INFO - # Epoch: 0060 | Train_Loss: 0.2484 | Val_Loss: 1.8113 , Val_Acc: 0.8000
2024-12-31 21:48:38,549 - INFO - # Epoch: 0061 | Train_Loss: 0.2332 | Val_Loss: 1.8052 , Val_Acc: 0.7950
2024-12-31 21:48:38,992 - INFO - # Epoch: 0062 | Train_Loss: 0.2241 | Val_Loss: 1.7884 , Val_Acc: 0.8100
2024-12-31 21:48:39,410 - INFO - # Epoch: 0063 | Train_Loss: 0.2411 | Val_Loss: 1.8196 , Val_Acc: 0.8000
2024-12-31 21:48:39,822 - INFO - # Epoch: 0064 | Train_Loss: 0.2357 | Val_Loss: 1.8194 , Val_Acc: 0.8000
2024-12-31 21:48:40,252 - INFO - # Epoch: 0065 | Train_Loss: 0.3357 | Val_Loss: 1.8338 , Val_Acc: 0.8050
2024-12-31 21:48:40,658 - INFO - # Epoch: 0066 | Train_Loss: 0.3614 | Val_Loss: 1.8383 , Val_Acc: 0.8050
2024-12-31 21:48:41,075 - INFO - # Epoch: 0067 | Train_Loss: 0.2290 | Val_Loss: 1.8148 , Val_Acc: 0.8000
2024-12-31 21:48:41,804 - INFO - # Epoch: 0068 | Train_Loss: 0.2419 | Val_Loss: 1.8328 , Val_Acc: 0.8000
2024-12-31 21:48:42,326 - INFO - # Epoch: 0069 | Train_Loss: 0.2483 | Val_Loss: 1.8383 , Val_Acc: 0.8000
2024-12-31 21:48:43,415 - INFO - # Epoch: 0070 | Train_Loss: 0.2184 | Val_Loss: 1.8215 , Val_Acc: 0.8000
2024-12-31 21:48:44,246 - INFO - # Epoch: 0071 | Train_Loss: 0.2408 | Val_Loss: 1.8222 , Val_Acc: 0.8000
2024-12-31 21:48:44,689 - INFO - # Epoch: 0072 | Train_Loss: 0.2961 | Val_Loss: 1.8227 , Val_Acc: 0.8000
2024-12-31 21:48:45,850 - INFO - # Epoch: 0073 | Train_Loss: 0.2374 | Val_Loss: 1.7971 , Val_Acc: 0.8050
2024-12-31 21:48:46,504 - INFO - # Epoch: 0074 | Train_Loss: 0.2328 | Val_Loss: 1.8282 , Val_Acc: 0.7950
2024-12-31 21:48:46,918 - INFO - # Epoch: 0075 | Train_Loss: 0.2204 | Val_Loss: 1.8280 , Val_Acc: 0.8000
2024-12-31 21:48:47,948 - INFO - # Epoch: 0076 | Train_Loss: 0.2498 | Val_Loss: 1.8560 , Val_Acc: 0.7900
2024-12-31 21:48:48,596 - INFO - # Epoch: 0077 | Train_Loss: 0.2405 | Val_Loss: 1.8611 , Val_Acc: 0.7950
2024-12-31 21:48:49,017 - INFO - # Epoch: 0078 | Train_Loss: 0.2145 | Val_Loss: 1.8342 , Val_Acc: 0.8000
2024-12-31 21:48:49,569 - INFO - # Epoch: 0079 | Train_Loss: 0.2839 | Val_Loss: 1.8225 , Val_Acc: 0.8050
2024-12-31 21:48:50,092 - INFO - # Epoch: 0080 | Train_Loss: 0.2392 | Val_Loss: 1.8498 , Val_Acc: 0.8000
2024-12-31 21:48:50,627 - INFO - # Epoch: 0081 | Train_Loss: 0.2329 | Val_Loss: 1.8258 , Val_Acc: 0.8000
2024-12-31 21:48:51,577 - INFO - # Epoch: 0082 | Train_Loss: 0.2516 | Val_Loss: 1.8115 , Val_Acc: 0.8050
2024-12-31 21:48:52,005 - INFO - # Epoch: 0083 | Train_Loss: 0.2365 | Val_Loss: 1.7928 , Val_Acc: 0.8150
2024-12-31 21:48:53,155 - INFO - # Epoch: 0084 | Train_Loss: 0.2251 | Val_Loss: 1.8057 , Val_Acc: 0.8050
2024-12-31 21:48:53,934 - INFO - # Epoch: 0085 | Train_Loss: 0.2235 | Val_Loss: 1.8032 , Val_Acc: 0.8050
2024-12-31 21:48:55,103 - INFO - # Epoch: 0086 | Train_Loss: 0.2195 | Val_Loss: 1.8259 , Val_Acc: 0.8000
2024-12-31 21:48:55,550 - INFO - # Epoch: 0087 | Train_Loss: 0.2312 | Val_Loss: 1.8319 , Val_Acc: 0.8000
2024-12-31 21:48:55,960 - INFO - # Epoch: 0088 | Train_Loss: 0.2309 | Val_Loss: 1.8218 , Val_Acc: 0.7950
2024-12-31 21:48:56,468 - INFO - # Epoch: 0089 | Train_Loss: 0.2353 | Val_Loss: 1.8363 , Val_Acc: 0.8000
2024-12-31 21:48:57,221 - INFO - # Epoch: 0090 | Train_Loss: 0.2330 | Val_Loss: 1.8614 , Val_Acc: 0.7950
2024-12-31 21:48:57,692 - INFO - # Epoch: 0091 | Train_Loss: 0.2269 | Val_Loss: 1.8623 , Val_Acc: 0.8000
2024-12-31 21:48:58,687 - INFO - # Epoch: 0092 | Train_Loss: 0.2352 | Val_Loss: 1.8282 , Val_Acc: 0.8000
2024-12-31 21:48:59,157 - INFO - # Epoch: 0093 | Train_Loss: 0.2236 | Val_Loss: 1.8338 , Val_Acc: 0.8000
2024-12-31 21:48:59,601 - INFO - # Epoch: 0094 | Train_Loss: 0.2927 | Val_Loss: 1.9192 , Val_Acc: 0.8000
2024-12-31 21:49:01,018 - INFO - # Epoch: 0095 | Train_Loss: 0.2166 | Val_Loss: 1.8907 , Val_Acc: 0.7950
2024-12-31 21:49:01,756 - INFO - # Epoch: 0096 | Train_Loss: 0.2910 | Val_Loss: 1.8426 , Val_Acc: 0.8000
2024-12-31 21:49:02,531 - INFO - # Epoch: 0097 | Train_Loss: 0.2281 | Val_Loss: 1.8409 , Val_Acc: 0.8000
2024-12-31 21:49:03,057 - INFO - # Epoch: 0098 | Train_Loss: 0.2639 | Val_Loss: 1.8144 , Val_Acc: 0.8000
2024-12-31 21:49:03,661 - INFO - # Epoch: 0099 | Train_Loss: 0.2401 | Val_Loss: 1.8581 , Val_Acc: 0.7950
2024-12-31 21:49:04,491 - INFO - # Epoch: 0100 | Train_Loss: 0.2358 | Val_Loss: 1.8217 , Val_Acc: 0.8050
2024-12-31 21:49:04,948 - INFO - # Epoch: 0101 | Train_Loss: 0.2362 | Val_Loss: 1.7999 , Val_Acc: 0.8150
2024-12-31 21:49:06,102 - INFO - # Epoch: 0102 | Train_Loss: 0.2185 | Val_Loss: 1.7840 , Val_Acc: 0.8100
2024-12-31 21:49:06,656 - INFO - # Epoch: 0103 | Train_Loss: 0.2464 | Val_Loss: 1.8143 , Val_Acc: 0.8000
2024-12-31 21:49:07,131 - INFO - # Epoch: 0104 | Train_Loss: 0.2611 | Val_Loss: 1.7890 , Val_Acc: 0.8100
2024-12-31 21:49:07,526 - INFO - # Epoch: 0105 | Train_Loss: 0.2299 | Val_Loss: 1.8257 , Val_Acc: 0.8000
2024-12-31 21:49:07,923 - INFO - # Epoch: 0106 | Train_Loss: 0.2299 | Val_Loss: 1.8157 , Val_Acc: 0.8050
2024-12-31 21:49:08,307 - INFO - # Epoch: 0107 | Train_Loss: 0.2314 | Val_Loss: 1.8326 , Val_Acc: 0.8000
2024-12-31 21:49:08,995 - INFO - # Epoch: 0108 | Train_Loss: 0.3023 | Val_Loss: 1.8450 , Val_Acc: 0.8000
2024-12-31 21:49:09,376 - INFO - # Epoch: 0109 | Train_Loss: 0.2396 | Val_Loss: 1.8539 , Val_Acc: 0.7950
2024-12-31 21:49:09,817 - INFO - # Epoch: 0110 | Train_Loss: 0.2249 | Val_Loss: 1.8780 , Val_Acc: 0.7950
2024-12-31 21:49:10,562 - INFO - # Epoch: 0111 | Train_Loss: 0.2237 | Val_Loss: 1.8763 , Val_Acc: 0.7950
2024-12-31 21:49:11,320 - INFO - # Epoch: 0112 | Train_Loss: 0.2237 | Val_Loss: 1.8450 , Val_Acc: 0.7900
2024-12-31 21:49:11,704 - INFO - # Epoch: 0113 | Train_Loss: 0.2410 | Val_Loss: 1.8355 , Val_Acc: 0.7950
2024-12-31 21:49:12,217 - INFO - # Epoch: 0114 | Train_Loss: 0.2465 | Val_Loss: 1.8323 , Val_Acc: 0.8000
2024-12-31 21:49:12,734 - INFO - # Epoch: 0115 | Train_Loss: 0.2253 | Val_Loss: 1.8626 , Val_Acc: 0.8000
2024-12-31 21:49:13,144 - INFO - # Epoch: 0116 | Train_Loss: 0.2291 | Val_Loss: 1.8374 , Val_Acc: 0.8000
2024-12-31 21:49:13,555 - INFO - # Epoch: 0117 | Train_Loss: 0.2272 | Val_Loss: 1.8094 , Val_Acc: 0.8050
2024-12-31 21:49:13,974 - INFO - # Epoch: 0118 | Train_Loss: 0.2292 | Val_Loss: 1.8260 , Val_Acc: 0.8050
2024-12-31 21:49:14,386 - INFO - # Epoch: 0119 | Train_Loss: 0.2274 | Val_Loss: 1.8360 , Val_Acc: 0.8000
2024-12-31 21:49:15,176 - INFO - # Epoch: 0120 | Train_Loss: 0.2312 | Val_Loss: 1.8645 , Val_Acc: 0.7950
2024-12-31 21:49:15,178 - INFO - =============== Start Evaluating ===============
2024-12-31 21:49:16,457 - INFO - Test Accuracy 0.7717

