2024-12-31 21:36:55,004 - INFO - Logging to finetune_graphcl_GIN_redditbianary_dn.log
2024-12-31 21:37:00,174 - INFO - Load Data: redditbinary , input_dim=512 , num_classes=2
2024-12-31 21:37:39,123 - INFO - Logging to finetune_graphcl_GIN_redditbianary_dn.log
2024-12-31 21:37:44,353 - INFO - Load Data: redditbinary , input_dim=512 , num_classes=2
2024-12-31 21:37:45,556 - INFO - Success load pre-trained model : ./contrastive_models/GIN/redditbinary_drop_node/epoch_199.pkl
2024-12-31 21:37:45,559 - INFO - =============== Train Argument ===============
2024-12-31 21:37:45,559 - INFO - Learnig Rate: 0.0005
2024-12-31 21:37:45,559 - INFO - Weight Decay: 1e-06
2024-12-31 21:37:45,560 - INFO - Epochs: 120
2024-12-31 21:37:45,560 - INFO - =============== Start Training ===============
2024-12-31 21:37:50,384 - INFO - # Epoch: 0001 | Train_Loss: 112.7853 | Val_Loss: 92.3315 , Val_Acc: 0.1050
2024-12-31 21:37:53,258 - INFO - # Epoch: 0002 | Train_Loss: 20.2994 | Val_Loss: 15.0664 , Val_Acc: 0.4250
2024-12-31 21:37:56,762 - INFO - # Epoch: 0003 | Train_Loss: 9.5135 | Val_Loss: 8.4768 , Val_Acc: 0.5400
2024-12-31 21:37:59,882 - INFO - # Epoch: 0004 | Train_Loss: 5.8433 | Val_Loss: 6.7880 , Val_Acc: 0.4950
2024-12-31 21:38:04,407 - INFO - # Epoch: 0005 | Train_Loss: 4.6084 | Val_Loss: 5.5051 , Val_Acc: 0.5750
2024-12-31 21:38:06,852 - INFO - # Epoch: 0006 | Train_Loss: 3.1439 | Val_Loss: 3.7269 , Val_Acc: 0.6350
2024-12-31 21:38:10,320 - INFO - # Epoch: 0007 | Train_Loss: 2.2068 | Val_Loss: 3.0618 , Val_Acc: 0.6250
2024-12-31 21:38:13,934 - INFO - # Epoch: 0008 | Train_Loss: 1.7838 | Val_Loss: 3.1549 , Val_Acc: 0.5900
2024-12-31 21:38:17,220 - INFO - # Epoch: 0009 | Train_Loss: 1.3642 | Val_Loss: 2.8522 , Val_Acc: 0.6450
2024-12-31 21:38:19,136 - INFO - # Epoch: 0010 | Train_Loss: 0.9553 | Val_Loss: 2.4605 , Val_Acc: 0.6900
2024-12-31 21:38:21,142 - INFO - # Epoch: 0011 | Train_Loss: 0.8391 | Val_Loss: 2.2979 , Val_Acc: 0.7250
2024-12-31 21:38:24,413 - INFO - # Epoch: 0012 | Train_Loss: 0.6290 | Val_Loss: 2.3144 , Val_Acc: 0.7300
2024-12-31 21:38:26,475 - INFO - # Epoch: 0013 | Train_Loss: 0.5851 | Val_Loss: 2.4137 , Val_Acc: 0.7400
2024-12-31 21:38:28,922 - INFO - # Epoch: 0014 | Train_Loss: 0.5585 | Val_Loss: 2.4766 , Val_Acc: 0.7350
2024-12-31 21:38:32,229 - INFO - # Epoch: 0015 | Train_Loss: 0.4940 | Val_Loss: 2.2458 , Val_Acc: 0.7650
2024-12-31 21:38:33,708 - INFO - # Epoch: 0016 | Train_Loss: 0.5814 | Val_Loss: 2.1144 , Val_Acc: 0.7300
2024-12-31 21:38:35,367 - INFO - # Epoch: 0017 | Train_Loss: 0.4624 | Val_Loss: 2.0485 , Val_Acc: 0.7700
2024-12-31 21:38:37,749 - INFO - # Epoch: 0018 | Train_Loss: 0.4485 | Val_Loss: 2.0588 , Val_Acc: 0.7700
2024-12-31 21:38:41,330 - INFO - # Epoch: 0019 | Train_Loss: 0.4574 | Val_Loss: 2.0073 , Val_Acc: 0.7650
2024-12-31 21:38:43,675 - INFO - # Epoch: 0020 | Train_Loss: 0.4257 | Val_Loss: 2.0091 , Val_Acc: 0.7650
2024-12-31 21:38:46,902 - INFO - # Epoch: 0021 | Train_Loss: 0.4084 | Val_Loss: 1.9659 , Val_Acc: 0.7850
2024-12-31 21:38:50,182 - INFO - # Epoch: 0022 | Train_Loss: 0.4180 | Val_Loss: 2.0184 , Val_Acc: 0.7850
2024-12-31 21:38:52,499 - INFO - # Epoch: 0023 | Train_Loss: 0.3888 | Val_Loss: 2.0598 , Val_Acc: 0.7850
2024-12-31 21:38:55,567 - INFO - # Epoch: 0024 | Train_Loss: 0.3788 | Val_Loss: 2.0666 , Val_Acc: 0.8000
2024-12-31 21:38:58,583 - INFO - # Epoch: 0025 | Train_Loss: 0.3845 | Val_Loss: 2.0896 , Val_Acc: 0.8000
2024-12-31 21:39:01,943 - INFO - # Epoch: 0026 | Train_Loss: 0.3574 | Val_Loss: 2.0899 , Val_Acc: 0.7850
2024-12-31 21:39:03,584 - INFO - # Epoch: 0027 | Train_Loss: 0.3344 | Val_Loss: 2.0225 , Val_Acc: 0.8050
2024-12-31 21:39:06,463 - INFO - # Epoch: 0028 | Train_Loss: 0.3610 | Val_Loss: 2.0469 , Val_Acc: 0.8050
2024-12-31 21:39:07,760 - INFO - # Epoch: 0029 | Train_Loss: 0.3652 | Val_Loss: 2.0537 , Val_Acc: 0.8000
2024-12-31 21:39:08,770 - INFO - # Epoch: 0030 | Train_Loss: 0.3814 | Val_Loss: 2.0702 , Val_Acc: 0.8100
2024-12-31 21:39:09,675 - INFO - # Epoch: 0031 | Train_Loss: 0.3566 | Val_Loss: 2.0608 , Val_Acc: 0.7950
2024-12-31 21:39:10,396 - INFO - # Epoch: 0032 | Train_Loss: 0.3547 | Val_Loss: 2.0584 , Val_Acc: 0.8050
2024-12-31 21:39:11,106 - INFO - # Epoch: 0033 | Train_Loss: 0.3292 | Val_Loss: 2.0750 , Val_Acc: 0.7900
2024-12-31 21:39:11,951 - INFO - # Epoch: 0034 | Train_Loss: 0.3640 | Val_Loss: 2.0715 , Val_Acc: 0.8000
2024-12-31 21:39:13,636 - INFO - # Epoch: 0035 | Train_Loss: 0.3155 | Val_Loss: 2.0779 , Val_Acc: 0.7900
2024-12-31 21:39:15,097 - INFO - # Epoch: 0036 | Train_Loss: 0.3378 | Val_Loss: 2.0790 , Val_Acc: 0.8050
2024-12-31 21:39:16,603 - INFO - # Epoch: 0037 | Train_Loss: 0.3193 | Val_Loss: 2.0771 , Val_Acc: 0.8000
2024-12-31 21:39:17,942 - INFO - # Epoch: 0038 | Train_Loss: 0.3265 | Val_Loss: 2.0935 , Val_Acc: 0.7950
2024-12-31 21:39:19,900 - INFO - # Epoch: 0039 | Train_Loss: 0.3729 | Val_Loss: 2.1001 , Val_Acc: 0.8100
2024-12-31 21:39:21,541 - INFO - # Epoch: 0040 | Train_Loss: 0.3661 | Val_Loss: 2.0966 , Val_Acc: 0.8050
2024-12-31 21:39:24,940 - INFO - # Epoch: 0041 | Train_Loss: 0.3906 | Val_Loss: 2.0811 , Val_Acc: 0.8050
2024-12-31 21:39:28,026 - INFO - # Epoch: 0042 | Train_Loss: 0.3403 | Val_Loss: 2.1012 , Val_Acc: 0.8050
2024-12-31 21:39:28,919 - INFO - # Epoch: 0043 | Train_Loss: 0.3320 | Val_Loss: 2.0790 , Val_Acc: 0.8050
2024-12-31 21:39:29,888 - INFO - # Epoch: 0044 | Train_Loss: 0.3251 | Val_Loss: 2.0769 , Val_Acc: 0.8050
2024-12-31 21:39:31,721 - INFO - # Epoch: 0045 | Train_Loss: 0.3033 | Val_Loss: 2.0811 , Val_Acc: 0.8000
2024-12-31 21:39:34,108 - INFO - # Epoch: 0046 | Train_Loss: 0.3175 | Val_Loss: 2.0957 , Val_Acc: 0.8050
2024-12-31 21:39:35,980 - INFO - # Epoch: 0047 | Train_Loss: 0.3241 | Val_Loss: 2.0413 , Val_Acc: 0.7950
2024-12-31 21:39:38,673 - INFO - # Epoch: 0048 | Train_Loss: 0.3104 | Val_Loss: 2.0234 , Val_Acc: 0.8100
2024-12-31 21:39:40,262 - INFO - # Epoch: 0049 | Train_Loss: 0.3744 | Val_Loss: 2.0322 , Val_Acc: 0.8100
2024-12-31 21:39:41,949 - INFO - # Epoch: 0050 | Train_Loss: 0.3155 | Val_Loss: 2.0281 , Val_Acc: 0.8100
2024-12-31 21:39:43,092 - INFO - # Epoch: 0051 | Train_Loss: 0.2897 | Val_Loss: 2.0326 , Val_Acc: 0.8100
2024-12-31 21:39:44,603 - INFO - # Epoch: 0052 | Train_Loss: 0.3243 | Val_Loss: 2.0085 , Val_Acc: 0.8200
2024-12-31 21:39:45,593 - INFO - # Epoch: 0053 | Train_Loss: 0.3591 | Val_Loss: 2.0141 , Val_Acc: 0.8100
2024-12-31 21:39:46,289 - INFO - # Epoch: 0054 | Train_Loss: 0.3169 | Val_Loss: 2.0091 , Val_Acc: 0.8100
2024-12-31 21:39:47,481 - INFO - # Epoch: 0055 | Train_Loss: 0.3361 | Val_Loss: 2.0047 , Val_Acc: 0.8100
2024-12-31 21:39:48,652 - INFO - # Epoch: 0056 | Train_Loss: 0.3059 | Val_Loss: 1.9864 , Val_Acc: 0.8100
2024-12-31 21:39:49,234 - INFO - # Epoch: 0057 | Train_Loss: 0.3288 | Val_Loss: 1.9823 , Val_Acc: 0.8050
2024-12-31 21:39:49,678 - INFO - # Epoch: 0058 | Train_Loss: 0.3151 | Val_Loss: 1.9842 , Val_Acc: 0.8100
2024-12-31 21:39:50,713 - INFO - # Epoch: 0059 | Train_Loss: 0.3336 | Val_Loss: 1.9994 , Val_Acc: 0.8100
2024-12-31 21:39:52,152 - INFO - # Epoch: 0060 | Train_Loss: 0.3202 | Val_Loss: 2.0175 , Val_Acc: 0.8100
2024-12-31 21:39:54,303 - INFO - # Epoch: 0061 | Train_Loss: 0.2988 | Val_Loss: 2.0096 , Val_Acc: 0.8100
2024-12-31 21:39:56,227 - INFO - # Epoch: 0062 | Train_Loss: 0.3085 | Val_Loss: 1.9881 , Val_Acc: 0.8150
2024-12-31 21:39:56,970 - INFO - # Epoch: 0063 | Train_Loss: 0.3066 | Val_Loss: 2.0077 , Val_Acc: 0.8050
2024-12-31 21:39:57,620 - INFO - # Epoch: 0064 | Train_Loss: 0.3114 | Val_Loss: 2.0205 , Val_Acc: 0.8050
2024-12-31 21:39:58,583 - INFO - # Epoch: 0065 | Train_Loss: 0.3867 | Val_Loss: 2.0147 , Val_Acc: 0.8050
2024-12-31 21:39:59,258 - INFO - # Epoch: 0066 | Train_Loss: 0.3581 | Val_Loss: 2.0029 , Val_Acc: 0.8050
2024-12-31 21:39:59,894 - INFO - # Epoch: 0067 | Train_Loss: 0.3231 | Val_Loss: 2.0030 , Val_Acc: 0.8050
2024-12-31 21:40:00,365 - INFO - # Epoch: 0068 | Train_Loss: 0.3371 | Val_Loss: 2.0032 , Val_Acc: 0.8100
2024-12-31 21:40:01,941 - INFO - # Epoch: 0069 | Train_Loss: 0.3443 | Val_Loss: 2.0219 , Val_Acc: 0.8100
2024-12-31 21:40:02,725 - INFO - # Epoch: 0070 | Train_Loss: 0.2971 | Val_Loss: 2.0013 , Val_Acc: 0.8100
2024-12-31 21:40:03,219 - INFO - # Epoch: 0071 | Train_Loss: 0.3143 | Val_Loss: 1.9990 , Val_Acc: 0.8100
2024-12-31 21:40:03,869 - INFO - # Epoch: 0072 | Train_Loss: 0.3555 | Val_Loss: 1.9893 , Val_Acc: 0.8100
2024-12-31 21:40:04,322 - INFO - # Epoch: 0073 | Train_Loss: 0.3132 | Val_Loss: 1.9889 , Val_Acc: 0.8200
2024-12-31 21:40:05,143 - INFO - # Epoch: 0074 | Train_Loss: 0.3044 | Val_Loss: 1.9933 , Val_Acc: 0.8100
2024-12-31 21:40:05,751 - INFO - # Epoch: 0075 | Train_Loss: 0.3014 | Val_Loss: 1.9962 , Val_Acc: 0.8100
2024-12-31 21:40:06,388 - INFO - # Epoch: 0076 | Train_Loss: 0.3217 | Val_Loss: 2.0074 , Val_Acc: 0.8050
2024-12-31 21:40:07,597 - INFO - # Epoch: 0077 | Train_Loss: 0.3135 | Val_Loss: 2.0117 , Val_Acc: 0.8050
2024-12-31 21:40:08,460 - INFO - # Epoch: 0078 | Train_Loss: 0.3217 | Val_Loss: 1.9832 , Val_Acc: 0.8100
2024-12-31 21:40:09,725 - INFO - # Epoch: 0079 | Train_Loss: 0.3494 | Val_Loss: 1.9702 , Val_Acc: 0.8100
2024-12-31 21:40:11,497 - INFO - # Epoch: 0080 | Train_Loss: 0.3002 | Val_Loss: 1.9975 , Val_Acc: 0.8150
2024-12-31 21:40:12,654 - INFO - # Epoch: 0081 | Train_Loss: 0.3256 | Val_Loss: 1.9965 , Val_Acc: 0.8150
2024-12-31 21:40:13,232 - INFO - # Epoch: 0082 | Train_Loss: 0.3285 | Val_Loss: 1.9691 , Val_Acc: 0.8250
2024-12-31 21:40:14,656 - INFO - # Epoch: 0083 | Train_Loss: 0.3167 | Val_Loss: 1.9719 , Val_Acc: 0.8200
2024-12-31 21:40:15,090 - INFO - # Epoch: 0084 | Train_Loss: 0.3188 | Val_Loss: 1.9730 , Val_Acc: 0.8100
2024-12-31 21:40:15,777 - INFO - # Epoch: 0085 | Train_Loss: 0.3023 | Val_Loss: 1.9796 , Val_Acc: 0.8100
2024-12-31 21:40:16,631 - INFO - # Epoch: 0086 | Train_Loss: 0.3187 | Val_Loss: 1.9978 , Val_Acc: 0.8150
2024-12-31 21:40:17,821 - INFO - # Epoch: 0087 | Train_Loss: 0.3265 | Val_Loss: 2.0015 , Val_Acc: 0.8150
2024-12-31 21:40:18,966 - INFO - # Epoch: 0088 | Train_Loss: 0.3276 | Val_Loss: 1.9918 , Val_Acc: 0.8200
2024-12-31 21:40:19,834 - INFO - # Epoch: 0089 | Train_Loss: 0.2858 | Val_Loss: 1.9889 , Val_Acc: 0.8100
2024-12-31 21:40:20,666 - INFO - # Epoch: 0090 | Train_Loss: 0.3422 | Val_Loss: 1.9998 , Val_Acc: 0.8100
2024-12-31 21:40:21,272 - INFO - # Epoch: 0091 | Train_Loss: 0.3307 | Val_Loss: 1.9909 , Val_Acc: 0.7950
2024-12-31 21:40:23,034 - INFO - # Epoch: 0092 | Train_Loss: 0.3144 | Val_Loss: 1.9748 , Val_Acc: 0.8150
2024-12-31 21:40:23,527 - INFO - # Epoch: 0093 | Train_Loss: 0.3058 | Val_Loss: 1.9840 , Val_Acc: 0.8050
2024-12-31 21:40:25,202 - INFO - # Epoch: 0094 | Train_Loss: 0.3999 | Val_Loss: 2.0437 , Val_Acc: 0.8150
2024-12-31 21:40:25,938 - INFO - # Epoch: 0095 | Train_Loss: 0.2983 | Val_Loss: 2.0300 , Val_Acc: 0.8150
2024-12-31 21:40:27,705 - INFO - # Epoch: 0096 | Train_Loss: 0.3441 | Val_Loss: 1.9881 , Val_Acc: 0.8050
2024-12-31 21:40:28,357 - INFO - # Epoch: 0097 | Train_Loss: 0.3379 | Val_Loss: 1.9991 , Val_Acc: 0.8050
2024-12-31 21:40:29,211 - INFO - # Epoch: 0098 | Train_Loss: 0.3627 | Val_Loss: 1.9851 , Val_Acc: 0.8100
2024-12-31 21:40:29,977 - INFO - # Epoch: 0099 | Train_Loss: 0.3207 | Val_Loss: 1.9921 , Val_Acc: 0.8000
2024-12-31 21:40:30,684 - INFO - # Epoch: 0100 | Train_Loss: 0.3273 | Val_Loss: 1.9651 , Val_Acc: 0.8100
2024-12-31 21:40:32,673 - INFO - # Epoch: 0101 | Train_Loss: 0.2930 | Val_Loss: 1.9672 , Val_Acc: 0.8150
2024-12-31 21:40:34,488 - INFO - # Epoch: 0102 | Train_Loss: 0.3245 | Val_Loss: 1.9601 , Val_Acc: 0.8150
2024-12-31 21:40:35,739 - INFO - # Epoch: 0103 | Train_Loss: 0.3080 | Val_Loss: 1.9765 , Val_Acc: 0.8150
2024-12-31 21:40:37,040 - INFO - # Epoch: 0104 | Train_Loss: 0.3029 | Val_Loss: 1.9731 , Val_Acc: 0.8150
2024-12-31 21:40:38,029 - INFO - # Epoch: 0105 | Train_Loss: 0.3160 | Val_Loss: 1.9957 , Val_Acc: 0.8100
2024-12-31 21:40:38,637 - INFO - # Epoch: 0106 | Train_Loss: 0.3110 | Val_Loss: 1.9703 , Val_Acc: 0.8100
2024-12-31 21:40:39,473 - INFO - # Epoch: 0107 | Train_Loss: 0.3402 | Val_Loss: 2.0007 , Val_Acc: 0.8050
2024-12-31 21:40:41,199 - INFO - # Epoch: 0108 | Train_Loss: 0.3385 | Val_Loss: 1.9949 , Val_Acc: 0.8100
2024-12-31 21:40:41,834 - INFO - # Epoch: 0109 | Train_Loss: 0.3124 | Val_Loss: 1.9952 , Val_Acc: 0.8050
2024-12-31 21:40:42,905 - INFO - # Epoch: 0110 | Train_Loss: 0.3160 | Val_Loss: 2.0377 , Val_Acc: 0.8050
2024-12-31 21:40:43,531 - INFO - # Epoch: 0111 | Train_Loss: 0.3186 | Val_Loss: 2.0344 , Val_Acc: 0.8000
2024-12-31 21:40:44,901 - INFO - # Epoch: 0112 | Train_Loss: 0.2967 | Val_Loss: 2.0156 , Val_Acc: 0.8100
2024-12-31 21:40:46,466 - INFO - # Epoch: 0113 | Train_Loss: 0.3389 | Val_Loss: 2.0075 , Val_Acc: 0.8100
2024-12-31 21:40:47,889 - INFO - # Epoch: 0114 | Train_Loss: 0.3155 | Val_Loss: 1.9900 , Val_Acc: 0.8000
2024-12-31 21:40:49,776 - INFO - # Epoch: 0115 | Train_Loss: 0.3394 | Val_Loss: 1.9850 , Val_Acc: 0.8100
2024-12-31 21:40:51,042 - INFO - # Epoch: 0116 | Train_Loss: 0.3643 | Val_Loss: 1.9810 , Val_Acc: 0.8100
2024-12-31 21:40:51,943 - INFO - # Epoch: 0117 | Train_Loss: 0.3026 | Val_Loss: 1.9709 , Val_Acc: 0.8100
2024-12-31 21:40:53,140 - INFO - # Epoch: 0118 | Train_Loss: 0.3270 | Val_Loss: 1.9894 , Val_Acc: 0.8100
2024-12-31 21:40:54,099 - INFO - # Epoch: 0119 | Train_Loss: 0.3102 | Val_Loss: 1.9931 , Val_Acc: 0.8050
2024-12-31 21:40:54,964 - INFO - # Epoch: 0120 | Train_Loss: 0.3205 | Val_Loss: 2.0173 , Val_Acc: 0.8050
2024-12-31 21:40:54,965 - INFO - =============== Start Evaluating ===============
2024-12-31 21:40:57,988 - INFO - Test Accuracy 0.7908

2024-12-31 21:43:01,079 - INFO - Logging to finetune_graphcl_GIN_redditbianary_dn.log
2024-12-31 21:43:05,418 - INFO - Load Data: redditbinary , input_dim=512 , num_classes=2
2024-12-31 21:43:06,209 - INFO - Success load pre-trained model : ./contrastive_models/GIN/redditbinary_drop_node/epoch_199.pkl
2024-12-31 21:43:06,212 - INFO - =============== Train Argument ===============
2024-12-31 21:43:06,217 - INFO - Learnig Rate: 0.0005
2024-12-31 21:43:06,218 - INFO - Weight Decay: 1e-06
2024-12-31 21:43:06,218 - INFO - Epochs: 40
2024-12-31 21:43:06,218 - INFO - =============== Start Training ===============
2024-12-31 21:43:11,936 - INFO - # Epoch: 0001 | Train_Loss: 112.7853 | Val_Loss: 92.3268 , Val_Acc: 0.1050
2024-12-31 21:43:15,070 - INFO - # Epoch: 0002 | Train_Loss: 20.2994 | Val_Loss: 15.0551 , Val_Acc: 0.4200
2024-12-31 21:43:16,906 - INFO - # Epoch: 0003 | Train_Loss: 9.5135 | Val_Loss: 8.4719 , Val_Acc: 0.5400
2024-12-31 21:43:17,766 - INFO - # Epoch: 0004 | Train_Loss: 5.8433 | Val_Loss: 6.7859 , Val_Acc: 0.4950
2024-12-31 21:43:18,836 - INFO - # Epoch: 0005 | Train_Loss: 4.6084 | Val_Loss: 5.5032 , Val_Acc: 0.5750
2024-12-31 21:43:20,647 - INFO - # Epoch: 0006 | Train_Loss: 3.1440 | Val_Loss: 3.7262 , Val_Acc: 0.6350
2024-12-31 21:43:24,504 - INFO - # Epoch: 0007 | Train_Loss: 2.2068 | Val_Loss: 3.0615 , Val_Acc: 0.6250
2024-12-31 21:43:25,722 - INFO - # Epoch: 0008 | Train_Loss: 1.7838 | Val_Loss: 3.1544 , Val_Acc: 0.5900
2024-12-31 21:43:28,558 - INFO - # Epoch: 0009 | Train_Loss: 1.3642 | Val_Loss: 2.8519 , Val_Acc: 0.6450
2024-12-31 21:43:29,957 - INFO - # Epoch: 0010 | Train_Loss: 0.9554 | Val_Loss: 2.4602 , Val_Acc: 0.6900
2024-12-31 21:43:32,140 - INFO - # Epoch: 0011 | Train_Loss: 0.8392 | Val_Loss: 2.2977 , Val_Acc: 0.7250
2024-12-31 21:43:33,718 - INFO - # Epoch: 0012 | Train_Loss: 0.6290 | Val_Loss: 2.3144 , Val_Acc: 0.7300
2024-12-31 21:43:36,956 - INFO - # Epoch: 0013 | Train_Loss: 0.5850 | Val_Loss: 2.4137 , Val_Acc: 0.7400
2024-12-31 21:43:39,499 - INFO - # Epoch: 0014 | Train_Loss: 0.5585 | Val_Loss: 2.4766 , Val_Acc: 0.7350
2024-12-31 21:43:41,196 - INFO - # Epoch: 0015 | Train_Loss: 0.4941 | Val_Loss: 2.2455 , Val_Acc: 0.7650
2024-12-31 21:43:43,112 - INFO - # Epoch: 0016 | Train_Loss: 0.5814 | Val_Loss: 2.1142 , Val_Acc: 0.7300
2024-12-31 21:43:45,524 - INFO - # Epoch: 0017 | Train_Loss: 0.4623 | Val_Loss: 2.0483 , Val_Acc: 0.7700
2024-12-31 21:43:46,702 - INFO - # Epoch: 0018 | Train_Loss: 0.4484 | Val_Loss: 2.0585 , Val_Acc: 0.7700
2024-12-31 21:43:47,373 - INFO - # Epoch: 0019 | Train_Loss: 0.4574 | Val_Loss: 2.0075 , Val_Acc: 0.7650
2024-12-31 21:43:49,443 - INFO - # Epoch: 0020 | Train_Loss: 0.4257 | Val_Loss: 2.0094 , Val_Acc: 0.7650
2024-12-31 21:43:51,892 - INFO - # Epoch: 0021 | Train_Loss: 0.4083 | Val_Loss: 1.9664 , Val_Acc: 0.7850
2024-12-31 21:43:53,728 - INFO - # Epoch: 0022 | Train_Loss: 0.4178 | Val_Loss: 2.0178 , Val_Acc: 0.7850
2024-12-31 21:43:56,846 - INFO - # Epoch: 0023 | Train_Loss: 0.3887 | Val_Loss: 2.0583 , Val_Acc: 0.7850
2024-12-31 21:43:58,578 - INFO - # Epoch: 0024 | Train_Loss: 0.3787 | Val_Loss: 2.0650 , Val_Acc: 0.8000
2024-12-31 21:44:00,323 - INFO - # Epoch: 0025 | Train_Loss: 0.3844 | Val_Loss: 2.0890 , Val_Acc: 0.8000
2024-12-31 21:44:01,275 - INFO - # Epoch: 0026 | Train_Loss: 0.3574 | Val_Loss: 2.0899 , Val_Acc: 0.7850
2024-12-31 21:44:02,733 - INFO - # Epoch: 0027 | Train_Loss: 0.3344 | Val_Loss: 2.0227 , Val_Acc: 0.8050
2024-12-31 21:44:03,747 - INFO - # Epoch: 0028 | Train_Loss: 0.3609 | Val_Loss: 2.0472 , Val_Acc: 0.8050
2024-12-31 21:44:05,271 - INFO - # Epoch: 0029 | Train_Loss: 0.3652 | Val_Loss: 2.0540 , Val_Acc: 0.8000
2024-12-31 21:44:06,794 - INFO - # Epoch: 0030 | Train_Loss: 0.3813 | Val_Loss: 2.0706 , Val_Acc: 0.8100
2024-12-31 21:44:07,943 - INFO - # Epoch: 0031 | Train_Loss: 0.3565 | Val_Loss: 2.0611 , Val_Acc: 0.7950
2024-12-31 21:44:09,922 - INFO - # Epoch: 0032 | Train_Loss: 0.3546 | Val_Loss: 2.0587 , Val_Acc: 0.8050
2024-12-31 21:44:12,740 - INFO - # Epoch: 0033 | Train_Loss: 0.3292 | Val_Loss: 2.0753 , Val_Acc: 0.7900
2024-12-31 21:44:14,307 - INFO - # Epoch: 0034 | Train_Loss: 0.3639 | Val_Loss: 2.0716 , Val_Acc: 0.8050
2024-12-31 21:44:15,803 - INFO - # Epoch: 0035 | Train_Loss: 0.3165 | Val_Loss: 2.0741 , Val_Acc: 0.7900
2024-12-31 21:44:19,118 - INFO - # Epoch: 0036 | Train_Loss: 0.3377 | Val_Loss: 2.0703 , Val_Acc: 0.8050
2024-12-31 21:44:20,977 - INFO - # Epoch: 0037 | Train_Loss: 0.3196 | Val_Loss: 2.0654 , Val_Acc: 0.8000
2024-12-31 21:44:23,925 - INFO - # Epoch: 0038 | Train_Loss: 0.3265 | Val_Loss: 2.0785 , Val_Acc: 0.7950
2024-12-31 21:44:26,865 - INFO - # Epoch: 0039 | Train_Loss: 0.3732 | Val_Loss: 2.0854 , Val_Acc: 0.8100
2024-12-31 21:44:28,725 - INFO - # Epoch: 0040 | Train_Loss: 0.3657 | Val_Loss: 2.0822 , Val_Acc: 0.8050
2024-12-31 21:44:28,726 - INFO - =============== Start Evaluating ===============
2024-12-31 21:44:33,073 - INFO - Test Accuracy 0.7883

2024-12-31 21:45:48,307 - INFO - Logging to finetune_graphcl_GIN_redditbianary_dn.log
2024-12-31 21:45:52,041 - INFO - Load Data: redditbinary , input_dim=512 , num_classes=2
2024-12-31 21:45:52,983 - INFO - Success load pre-trained model : ./contrastive_models/GIN/redditbinary_drop_node/epoch_199.pkl
2024-12-31 21:45:52,987 - INFO - =============== Train Argument ===============
2024-12-31 21:45:52,987 - INFO - Learnig Rate: 0.0005
2024-12-31 21:45:52,988 - INFO - Weight Decay: 1e-06
2024-12-31 21:45:52,988 - INFO - Epochs: 82
2024-12-31 21:45:52,988 - INFO - =============== Start Training ===============
2024-12-31 21:45:55,487 - INFO - # Epoch: 0001 | Train_Loss: 112.7853 | Val_Loss: 92.3216 , Val_Acc: 0.1050
2024-12-31 21:45:56,249 - INFO - # Epoch: 0002 | Train_Loss: 20.2994 | Val_Loss: 15.0606 , Val_Acc: 0.4150
2024-12-31 21:45:56,921 - INFO - # Epoch: 0003 | Train_Loss: 9.5135 | Val_Loss: 8.4745 , Val_Acc: 0.5400
2024-12-31 21:45:57,316 - INFO - # Epoch: 0004 | Train_Loss: 5.8433 | Val_Loss: 6.7875 , Val_Acc: 0.4950
2024-12-31 21:45:57,906 - INFO - # Epoch: 0005 | Train_Loss: 4.6085 | Val_Loss: 5.5057 , Val_Acc: 0.5750
2024-12-31 21:45:58,401 - INFO - # Epoch: 0006 | Train_Loss: 3.1439 | Val_Loss: 3.7277 , Val_Acc: 0.6350
2024-12-31 21:45:58,948 - INFO - # Epoch: 0007 | Train_Loss: 2.2068 | Val_Loss: 3.0619 , Val_Acc: 0.6250
2024-12-31 21:45:59,516 - INFO - # Epoch: 0008 | Train_Loss: 1.7838 | Val_Loss: 3.1550 , Val_Acc: 0.5900
2024-12-31 21:45:59,960 - INFO - # Epoch: 0009 | Train_Loss: 1.3642 | Val_Loss: 2.8524 , Val_Acc: 0.6450
2024-12-31 21:46:00,360 - INFO - # Epoch: 0010 | Train_Loss: 0.9553 | Val_Loss: 2.4606 , Val_Acc: 0.6900
2024-12-31 21:46:00,848 - INFO - # Epoch: 0011 | Train_Loss: 0.8391 | Val_Loss: 2.2980 , Val_Acc: 0.7250
2024-12-31 21:46:01,500 - INFO - # Epoch: 0012 | Train_Loss: 0.6290 | Val_Loss: 2.3146 , Val_Acc: 0.7300
2024-12-31 21:46:02,016 - INFO - # Epoch: 0013 | Train_Loss: 0.5851 | Val_Loss: 2.4139 , Val_Acc: 0.7400
2024-12-31 21:46:02,450 - INFO - # Epoch: 0014 | Train_Loss: 0.5585 | Val_Loss: 2.4769 , Val_Acc: 0.7350
2024-12-31 21:46:03,110 - INFO - # Epoch: 0015 | Train_Loss: 0.4940 | Val_Loss: 2.2460 , Val_Acc: 0.7650
2024-12-31 21:46:03,528 - INFO - # Epoch: 0016 | Train_Loss: 0.5814 | Val_Loss: 2.1147 , Val_Acc: 0.7300
2024-12-31 21:46:03,913 - INFO - # Epoch: 0017 | Train_Loss: 0.4624 | Val_Loss: 2.0487 , Val_Acc: 0.7700
2024-12-31 21:46:04,307 - INFO - # Epoch: 0018 | Train_Loss: 0.4485 | Val_Loss: 2.0589 , Val_Acc: 0.7700
2024-12-31 21:46:04,686 - INFO - # Epoch: 0019 | Train_Loss: 0.4574 | Val_Loss: 2.0076 , Val_Acc: 0.7650
2024-12-31 21:46:05,223 - INFO - # Epoch: 0020 | Train_Loss: 0.4257 | Val_Loss: 2.0094 , Val_Acc: 0.7650
2024-12-31 21:46:05,848 - INFO - # Epoch: 0021 | Train_Loss: 0.4084 | Val_Loss: 1.9663 , Val_Acc: 0.7850
2024-12-31 21:46:06,480 - INFO - # Epoch: 0022 | Train_Loss: 0.4179 | Val_Loss: 2.0185 , Val_Acc: 0.7850
2024-12-31 21:46:06,853 - INFO - # Epoch: 0023 | Train_Loss: 0.3888 | Val_Loss: 2.0596 , Val_Acc: 0.7850
2024-12-31 21:46:07,216 - INFO - # Epoch: 0024 | Train_Loss: 0.3787 | Val_Loss: 2.0664 , Val_Acc: 0.8000
2024-12-31 21:46:07,637 - INFO - # Epoch: 0025 | Train_Loss: 0.3845 | Val_Loss: 2.0897 , Val_Acc: 0.8000
2024-12-31 21:46:08,110 - INFO - # Epoch: 0026 | Train_Loss: 0.3574 | Val_Loss: 2.0901 , Val_Acc: 0.7850
2024-12-31 21:46:08,629 - INFO - # Epoch: 0027 | Train_Loss: 0.3344 | Val_Loss: 2.0227 , Val_Acc: 0.8050
2024-12-31 21:46:09,055 - INFO - # Epoch: 0028 | Train_Loss: 0.3610 | Val_Loss: 2.0471 , Val_Acc: 0.8050
2024-12-31 21:46:09,482 - INFO - # Epoch: 0029 | Train_Loss: 0.3652 | Val_Loss: 2.0539 , Val_Acc: 0.8000
2024-12-31 21:46:10,863 - INFO - # Epoch: 0030 | Train_Loss: 0.3814 | Val_Loss: 2.0705 , Val_Acc: 0.8100
2024-12-31 21:46:11,781 - INFO - # Epoch: 0031 | Train_Loss: 0.3566 | Val_Loss: 2.0610 , Val_Acc: 0.7950
2024-12-31 21:46:12,270 - INFO - # Epoch: 0032 | Train_Loss: 0.3547 | Val_Loss: 2.0587 , Val_Acc: 0.8050
2024-12-31 21:46:12,971 - INFO - # Epoch: 0033 | Train_Loss: 0.3292 | Val_Loss: 2.0752 , Val_Acc: 0.7900
2024-12-31 21:46:13,825 - INFO - # Epoch: 0034 | Train_Loss: 0.3639 | Val_Loss: 2.0717 , Val_Acc: 0.8000
2024-12-31 21:46:14,226 - INFO - # Epoch: 0035 | Train_Loss: 0.3158 | Val_Loss: 2.0767 , Val_Acc: 0.7900
2024-12-31 21:46:14,621 - INFO - # Epoch: 0036 | Train_Loss: 0.3378 | Val_Loss: 2.0761 , Val_Acc: 0.8050
2024-12-31 21:46:15,001 - INFO - # Epoch: 0037 | Train_Loss: 0.3194 | Val_Loss: 2.0731 , Val_Acc: 0.8000
2024-12-31 21:46:15,534 - INFO - # Epoch: 0038 | Train_Loss: 0.3265 | Val_Loss: 2.0884 , Val_Acc: 0.7950
2024-12-31 21:46:15,995 - INFO - # Epoch: 0039 | Train_Loss: 0.3730 | Val_Loss: 2.0951 , Val_Acc: 0.8100
2024-12-31 21:46:16,398 - INFO - # Epoch: 0040 | Train_Loss: 0.3660 | Val_Loss: 2.0919 , Val_Acc: 0.8050
2024-12-31 21:46:16,809 - INFO - # Epoch: 0041 | Train_Loss: 0.3907 | Val_Loss: 2.0766 , Val_Acc: 0.8050
2024-12-31 21:46:17,194 - INFO - # Epoch: 0042 | Train_Loss: 0.3402 | Val_Loss: 2.0975 , Val_Acc: 0.8050
2024-12-31 21:46:17,583 - INFO - # Epoch: 0043 | Train_Loss: 0.3319 | Val_Loss: 2.0754 , Val_Acc: 0.8050
2024-12-31 21:46:17,994 - INFO - # Epoch: 0044 | Train_Loss: 0.3251 | Val_Loss: 2.0738 , Val_Acc: 0.8050
2024-12-31 21:46:18,367 - INFO - # Epoch: 0045 | Train_Loss: 0.3033 | Val_Loss: 2.0785 , Val_Acc: 0.8000
2024-12-31 21:46:19,224 - INFO - # Epoch: 0046 | Train_Loss: 0.3175 | Val_Loss: 2.0939 , Val_Acc: 0.8050
2024-12-31 21:46:20,201 - INFO - # Epoch: 0047 | Train_Loss: 0.3241 | Val_Loss: 2.0396 , Val_Acc: 0.8000
2024-12-31 21:46:20,572 - INFO - # Epoch: 0048 | Train_Loss: 0.3104 | Val_Loss: 2.0218 , Val_Acc: 0.8100
2024-12-31 21:46:20,955 - INFO - # Epoch: 0049 | Train_Loss: 0.3744 | Val_Loss: 2.0306 , Val_Acc: 0.8100
2024-12-31 21:46:21,426 - INFO - # Epoch: 0050 | Train_Loss: 0.3154 | Val_Loss: 2.0266 , Val_Acc: 0.8100
2024-12-31 21:46:21,801 - INFO - # Epoch: 0051 | Train_Loss: 0.2897 | Val_Loss: 2.0311 , Val_Acc: 0.8100
2024-12-31 21:46:22,176 - INFO - # Epoch: 0052 | Train_Loss: 0.3242 | Val_Loss: 2.0070 , Val_Acc: 0.8200
2024-12-31 21:46:22,938 - INFO - # Epoch: 0053 | Train_Loss: 0.3588 | Val_Loss: 2.0127 , Val_Acc: 0.8100
2024-12-31 21:46:23,654 - INFO - # Epoch: 0054 | Train_Loss: 0.3168 | Val_Loss: 2.0078 , Val_Acc: 0.8100
2024-12-31 21:46:24,109 - INFO - # Epoch: 0055 | Train_Loss: 0.3361 | Val_Loss: 2.0035 , Val_Acc: 0.8100
2024-12-31 21:46:24,565 - INFO - # Epoch: 0056 | Train_Loss: 0.3058 | Val_Loss: 1.9852 , Val_Acc: 0.8100
2024-12-31 21:46:25,540 - INFO - # Epoch: 0057 | Train_Loss: 0.3288 | Val_Loss: 1.9812 , Val_Acc: 0.8050
2024-12-31 21:46:26,141 - INFO - # Epoch: 0058 | Train_Loss: 0.3150 | Val_Loss: 1.9832 , Val_Acc: 0.8100
2024-12-31 21:46:26,692 - INFO - # Epoch: 0059 | Train_Loss: 0.3336 | Val_Loss: 1.9983 , Val_Acc: 0.8100
2024-12-31 21:46:27,202 - INFO - # Epoch: 0060 | Train_Loss: 0.3202 | Val_Loss: 2.0163 , Val_Acc: 0.8100
2024-12-31 21:46:27,853 - INFO - # Epoch: 0061 | Train_Loss: 0.2987 | Val_Loss: 2.0085 , Val_Acc: 0.8100
2024-12-31 21:46:28,259 - INFO - # Epoch: 0062 | Train_Loss: 0.3085 | Val_Loss: 1.9870 , Val_Acc: 0.8150
2024-12-31 21:46:28,649 - INFO - # Epoch: 0063 | Train_Loss: 0.3066 | Val_Loss: 2.0066 , Val_Acc: 0.8050
2024-12-31 21:46:29,059 - INFO - # Epoch: 0064 | Train_Loss: 0.3114 | Val_Loss: 2.0194 , Val_Acc: 0.8050
2024-12-31 21:46:29,452 - INFO - # Epoch: 0065 | Train_Loss: 0.3867 | Val_Loss: 2.0136 , Val_Acc: 0.8050
2024-12-31 21:46:29,846 - INFO - # Epoch: 0066 | Train_Loss: 0.3581 | Val_Loss: 2.0018 , Val_Acc: 0.8050
2024-12-31 21:46:30,290 - INFO - # Epoch: 0067 | Train_Loss: 0.3231 | Val_Loss: 2.0019 , Val_Acc: 0.8100
2024-12-31 21:46:30,758 - INFO - # Epoch: 0068 | Train_Loss: 0.3370 | Val_Loss: 2.0021 , Val_Acc: 0.8100
2024-12-31 21:46:31,456 - INFO - # Epoch: 0069 | Train_Loss: 0.3443 | Val_Loss: 2.0208 , Val_Acc: 0.8100
2024-12-31 21:46:31,881 - INFO - # Epoch: 0070 | Train_Loss: 0.2971 | Val_Loss: 2.0001 , Val_Acc: 0.8100
2024-12-31 21:46:32,307 - INFO - # Epoch: 0071 | Train_Loss: 0.3143 | Val_Loss: 1.9979 , Val_Acc: 0.8100
2024-12-31 21:46:32,699 - INFO - # Epoch: 0072 | Train_Loss: 0.3555 | Val_Loss: 1.9882 , Val_Acc: 0.8100
2024-12-31 21:46:33,555 - INFO - # Epoch: 0073 | Train_Loss: 0.3132 | Val_Loss: 1.9877 , Val_Acc: 0.8200
2024-12-31 21:46:34,251 - INFO - # Epoch: 0074 | Train_Loss: 0.3042 | Val_Loss: 1.9922 , Val_Acc: 0.8100
2024-12-31 21:46:34,689 - INFO - # Epoch: 0075 | Train_Loss: 0.3016 | Val_Loss: 1.9950 , Val_Acc: 0.8100
2024-12-31 21:46:35,496 - INFO - # Epoch: 0076 | Train_Loss: 0.3217 | Val_Loss: 2.0063 , Val_Acc: 0.8050
2024-12-31 21:46:36,262 - INFO - # Epoch: 0077 | Train_Loss: 0.3136 | Val_Loss: 2.0106 , Val_Acc: 0.8050
2024-12-31 21:46:37,545 - INFO - # Epoch: 0078 | Train_Loss: 0.3217 | Val_Loss: 1.9820 , Val_Acc: 0.8100
2024-12-31 21:46:37,928 - INFO - # Epoch: 0079 | Train_Loss: 0.3494 | Val_Loss: 1.9691 , Val_Acc: 0.8100
2024-12-31 21:46:38,378 - INFO - # Epoch: 0080 | Train_Loss: 0.3003 | Val_Loss: 1.9963 , Val_Acc: 0.8100
2024-12-31 21:46:38,889 - INFO - # Epoch: 0081 | Train_Loss: 0.3256 | Val_Loss: 1.9953 , Val_Acc: 0.8150
2024-12-31 21:46:39,283 - INFO - # Epoch: 0082 | Train_Loss: 0.3285 | Val_Loss: 1.9680 , Val_Acc: 0.8250
2024-12-31 21:46:39,284 - INFO - =============== Start Evaluating ===============
2024-12-31 21:46:40,299 - INFO - Test Accuracy 0.7908

